<?xml version="1.0" encoding="UTF-8"?>
<!-- Generated by org.testng.reporters.JUnitReportReporter -->
<testsuite hostname="TYSS-Lavanya-Sasikumar" failures="0" tests="1" name="Maven.Practice" time="0.017" errors="0" timestamp="2023-12-19T21:47:56 IST" skipped="0">
  <testcase classname="Maven.Practice" name="log" time="0.017"/>
  <system-out>
    <![CDATA[Hello]]>
  </system-out>
</testsuite> <!-- Maven.Practice -->
